TN:
SF:src\components\HelloWorld.vue
FN:3,(anonymous_0)
FN:4,(anonymous_1)
FN:7,(anonymous_2)
FN:9,(anonymous_3)
FN:14,(anonymous_4)
FN:17,__
FN:23,(anonymous_6)
FN:34,(anonymous_7)
FN:36,HelloWorld
FN:50,(anonymous_9)
FN:67,render
FNF:11
FNH:8
FNDA:2,(anonymous_0)
FNDA:2,(anonymous_1)
FNDA:0,(anonymous_2)
FNDA:0,(anonymous_3)
FNDA:2,(anonymous_4)
FNDA:2,__
FNDA:2,(anonymous_6)
FNDA:2,(anonymous_7)
FNDA:2,HelloWorld
FNDA:0,(anonymous_9)
FNDA:2,render
DA:3,2
DA:4,2
DA:5,2
DA:8,0
DA:10,0
DA:12,2
DA:14,2
DA:15,2
DA:16,2
DA:18,2
DA:20,2
DA:23,2
DA:24,2
DA:25,2
DA:27,2
DA:28,2
DA:30,2
DA:33,2
DA:34,2
DA:35,2
DA:37,2
DA:38,2
DA:44,2
DA:46,2
DA:51,0
DA:54,2
DA:59,2
DA:61,2
DA:62,2
DA:63,2
DA:64,2
DA:65,2
DA:66,2
DA:68,2
DA:75,2
DA:77,2
DA:80,2
LF:37
LH:34
BRDA:3,0,0,2
BRDA:3,0,1,2
BRDA:3,0,2,2
BRDA:5,1,0,2
BRDA:5,1,1,0
BRDA:5,1,2,0
BRDA:5,1,3,0
BRDA:10,2,0,0
BRDA:10,2,1,0
BRDA:15,3,0,0
BRDA:15,3,1,2
BRDA:15,4,0,2
BRDA:15,4,1,0
BRDA:20,5,0,0
BRDA:20,5,1,2
BRDA:23,6,0,2
BRDA:23,6,1,2
BRDA:23,6,2,2
BRDA:25,7,0,2
BRDA:25,7,1,0
BRDA:25,8,0,0
BRDA:25,8,1,0
BRDA:27,9,0,0
BRDA:27,9,1,2
BRDA:27,10,0,2
BRDA:27,10,1,2
BRDA:27,11,0,2
BRDA:27,11,1,0
BRDA:27,12,0,2
BRDA:27,12,1,0
BRDA:27,13,0,2
BRDA:27,13,1,0
BRDA:27,14,0,0
BRDA:27,14,1,0
BRDA:28,15,0,2
BRDA:28,15,1,0
BRDA:28,15,2,0
BRDA:37,16,0,2
BRDA:37,16,1,2
BRDA:37,16,2,2
BRF:40
BRH:21
end_of_record
TN:
SF:src\components\Login.vue
FN:3,(anonymous_0)
FN:4,(anonymous_1)
FN:7,(anonymous_2)
FN:9,(anonymous_3)
FN:14,(anonymous_4)
FN:17,__
FN:23,(anonymous_6)
FN:34,(anonymous_7)
FN:36,Login
FN:62,(anonymous_9)
FN:81,render
FN:88,(anonymous_11)
FN:96,(anonymous_12)
FN:102,(anonymous_13)
FNF:14
FNH:8
FNDA:1,(anonymous_0)
FNDA:1,(anonymous_1)
FNDA:0,(anonymous_2)
FNDA:0,(anonymous_3)
FNDA:1,(anonymous_4)
FNDA:1,__
FNDA:1,(anonymous_6)
FNDA:1,(anonymous_7)
FNDA:4,Login
FNDA:0,(anonymous_9)
FNDA:4,render
FNDA:0,(anonymous_11)
FNDA:0,(anonymous_12)
FNDA:0,(anonymous_13)
DA:3,1
DA:4,1
DA:5,1
DA:8,0
DA:10,0
DA:12,1
DA:14,1
DA:15,1
DA:16,1
DA:18,1
DA:20,1
DA:23,1
DA:24,1
DA:25,1
DA:27,1
DA:28,1
DA:30,1
DA:33,1
DA:34,1
DA:35,1
DA:37,4
DA:38,4
DA:44,4
DA:50,4
DA:56,4
DA:58,1
DA:63,0
DA:66,1
DA:73,1
DA:75,1
DA:76,1
DA:77,1
DA:78,1
DA:79,1
DA:80,1
DA:82,4
DA:88,0
DA:96,0
DA:102,0
DA:108,1
DA:110,1
DA:113,1
LF:42
LH:36
BRDA:3,0,0,1
BRDA:3,0,1,1
BRDA:3,0,2,1
BRDA:5,1,0,1
BRDA:5,1,1,0
BRDA:5,1,2,0
BRDA:5,1,3,0
BRDA:10,2,0,0
BRDA:10,2,1,0
BRDA:15,3,0,0
BRDA:15,3,1,1
BRDA:15,4,0,1
BRDA:15,4,1,0
BRDA:20,5,0,0
BRDA:20,5,1,1
BRDA:23,6,0,1
BRDA:23,6,1,1
BRDA:23,6,2,1
BRDA:25,7,0,1
BRDA:25,7,1,0
BRDA:25,8,0,0
BRDA:25,8,1,0
BRDA:27,9,0,0
BRDA:27,9,1,1
BRDA:27,10,0,1
BRDA:27,10,1,1
BRDA:27,11,0,1
BRDA:27,11,1,0
BRDA:27,12,0,1
BRDA:27,12,1,0
BRDA:27,13,0,1
BRDA:27,13,1,0
BRDA:27,14,0,0
BRDA:27,14,1,0
BRDA:28,15,0,1
BRDA:28,15,1,0
BRDA:28,15,2,0
BRDA:37,16,0,4
BRDA:37,16,1,4
BRDA:37,16,2,4
BRDA:88,17,0,4
BRDA:88,17,1,4
BRDA:96,18,0,4
BRDA:96,18,1,4
BRDA:102,19,0,4
BRDA:102,19,1,4
BRF:46
BRH:27
end_of_record
